2003 323  0   3.3   1.5   1.9   0.7  629.
2003 323  1   2.7   1.6   1.2   0.3  629.
2003 323  2   2.8  -1.2   0.8   0.3  599.
2003 323  3   2.5   0.2   1.6   0.6  587.
2003 323  4   3.4   0.2   2.7  -0.6  588.
2003 323  5   3.9   0.2   3.5  -0.1  579.
2003 323  6   4.0  -0.5   3.4  -1.2  572.
2003 323  7   3.4  -1.9   1.8  -0.5  562.
2003 323  8   3.7  -3.5   0.2  -0.5  553.
2003 323  9   3.8  -3.7   0.1   0.2  547.
2003 323 10   4.4  -2.9   1.9  -2.0  549.
2003 323 11   4.0  -1.9   3.3  -0.1  546.
2003 323 12   4.1  -1.6   3.0  -0.9  538.
2003 323 13   3.6  -2.6   1.2  -0.4  531.
2003 323 14   3.7  -3.7  -0.2   0.0  522.
2003 323 15   3.2  -0.9   0.9   0.1  518.
2003 323 16   3.3   1.2   1.1  -0.7  521.
2003 323 17   2.5  -2.1   0.6  -0.1  502.
2003 323 18   4.9  -4.0  -0.1   2.5  489.
2003 323 19   4.3  -2.6   1.9   1.8  490.
2003 323 20   5.3  -4.5   1.6   2.3  469.
2003 323 21   4.9  -2.9   1.7   3.1  458.
2003 323 22   5.6  -4.2   1.4   2.4  452.
2003 323 23   6.1  -4.1   2.5   1.5  447.
2003 324  0   6.5  -4.8   3.8   0.3  446.
2003 324  1   5.9  -4.4   2.5   1.3  446.
2003 324  2   6.6  -5.8   2.4  -0.8  441.
2003 324  3   5.9  -1.2   3.8  -1.7  458.
2003 324  4   7.0   0.6   5.0  -3.2  461.
2003 324  5   6.9   0.3   5.6  -2.9  455.
2003 324  6   7.6  -3.2   4.3  -4.3  447.
2003 324  7   8.2  -1.3   7.2  -3.0  458.
2003 324  8  16.8   1.0  14.0   0.2  584.
2003 324  9  23.9   4.2  21.7   1.7  699.
2003 324 10  33.9   3.3  25.1  18.7  687.
2003 324 11  40.8   2.5  30.4  19.1  703.
2003 324 12  46.5   8.4  44.9  -7.5  643.
2003 324 13  48.5   8.2  46.1 -10.1  637.
2003 324 14  53.8   5.7  43.2 -30.3  619.
2003 324 15  55.8   0.9  35.5 -42.9  614.
2003 324 16  52.7  -6.2  23.9 -45.9  584.
2003 324 17  46.4 -10.0   5.8 -44.1  596.
2003 324 18  40.4  -3.1  -6.8 -38.8  580.
2003 324 19  33.1   1.6 -17.2 -27.2  565.
2003 324 20  26.5  -3.6 -18.5 -18.5  553.
2003 324 21  25.5  -3.6 -16.8 -18.6  550.
2003 324 22  24.7  -2.6 -18.7 -15.4  540.
2003 324 23  22.6  -0.8 -17.3 -14.2  537.
2003 325  0  20.0   1.4 -18.3  -6.5  535.
2003 325  1  15.8   4.2 -12.0   7.1  526.
2003 325  2  16.5   5.7  -6.2  13.5  531.
2003 325  3  14.2  -4.1   7.9   8.6  548.
2003 325  4  12.3  -4.9  10.4   1.0  562.
2003 325  5  10.4  -7.0   6.8   1.0  554.
2003 325  6   8.7   1.5   4.4  -3.4  537.
2003 325  7   7.2   3.3   1.9  -5.8  558.
2003 325  8   6.8   4.9  -0.9  -4.4  546.
2003 325  9   7.1   5.2  -3.0  -3.8  525.
2003 325 10   7.4   5.3  -4.6  -0.6  509.
2003 325 11   7.1   5.8  -3.9  -0.9  499.
2003 325 12   7.3   6.0  -2.0  -3.2  502.
2003 325 13   7.8   5.8  -4.8  -1.3  495.
2003 325 14   8.1   5.9  -5.0  -1.4  498.
2003 325 15   8.7   6.8  -1.6  -4.8  504.
2003 325 16   8.6   7.4  -1.8  -3.8  488.
2003 325 17   8.6   7.3  -2.8  -3.3  483.
2003 325 18   7.9   5.1  -4.5  -0.7  471.
2003 325 19   8.0   4.1  -5.6  -2.0 9999.
2003 325 20   7.7   5.5  -5.0  -1.6  476.
2003 325 21   7.7   5.6  -4.5  -1.7  476.
2003 325 22   8.2   5.1  -5.8   0.9  487.
2003 325 23   8.3   6.1  -5.2  -1.7  480.
